[31mfailed to load config from C:\Users\DELL\OneDrive\Desktop\Wish List Products Price Comparison Website Project Using ML\wishlist-price-comparison-java-ai\frontend\vite.config.ts[39m
[31merror when starting dev server:
Error: Build failed with 1 error:

[plugin externalize-deps]
Error: spawn EPERM
    at ChildProcess.spawn (node:internal/child_process:420:11)
    at spawn (node:child_process:754:9)
    at Object.execFile (node:child_process:347:17)
    at exec (node:child_process:234:25)
    at optimizeSafeRealPathSync (file:///C:/Users/DELL/OneDrive/Desktop/Wish%20List%20Products%20Price%20Comparison%20Website%20Project%20Using%20ML/wishlist-price-comparison-java-ai/frontend/node_modules/vite/dist/node/chunks/node.js:1954:2)
    at windowsSafeRealPathSync (file:///C:/Users/DELL/OneDrive/Desktop/Wish%20List%20Products%20Price%20Comparison%20Website%20Project%20Using%20ML/wishlist-price-comparison-java-ai/frontend/node_modules/vite/dist/node/chunks/node.js:1940:3)
    at getRealPath (file:///C:/Users/DELL/OneDrive/Desktop/Wish%20List%20Products%20Price%20Comparison%20Website%20Project%20Using%20ML/wishlist-price-comparison-java-ai/frontend/node_modules/vite/dist/node/chunks/node.js:32413:36)
    at tryResolveRealFileOrType (file:///C:/Users/DELL/OneDrive/Desktop/Wish%20List%20Products%20Price%20Comparison%20Website%20Project%20Using%20ML/wishlist-price-comparison-java-ai/frontend/node_modules/vite/dist/node/chunks/node.js:32407:9)
    at tryCleanFsResolve (file:///C:/Users/DELL/OneDrive/Desktop/Wish%20List%20Products%20Price%20Comparison%20Website%20Project%20Using%20ML/wishlist-price-comparison-java-ai/frontend/node_modules/vite/dist/node/chunks/node.js:32151:21)
    at tryFsResolve (file:///C:/Users/DELL/OneDrive/Desktop/Wish%20List%20Products%20Price%20Comparison%20Website%20Project%20Using%20ML/wishlist-price-comparison-java-ai/frontend/node_modules/vite/dist/node/chunks/node.js:32144:14)
    at aggregateBindingErrorsIntoJsError (file:///C:/Users/DELL/OneDrive/Desktop/Wish%20List%20Products%20Price%20Comparison%20Website%20Project%20Using%20ML/wishlist-price-comparison-java-ai/frontend/node_modules/rolldown/dist/shared/error-DBGOT6sf.mjs:48:18)
    at unwrapBindingResult (file:///C:/Users/DELL/OneDrive/Desktop/Wish%20List%20Products%20Price%20Comparison%20Website%20Project%20Using%20ML/wishlist-price-comparison-java-ai/frontend/node_modules/rolldown/dist/shared/error-DBGOT6sf.mjs:18:128)
    at #build (file:///C:/Users/DELL/OneDrive/Desktop/Wish%20List%20Products%20Price%20Comparison%20Website%20Project%20Using%20ML/wishlist-price-comparison-java-ai/frontend/node_modules/rolldown/dist/shared/rolldown-build-hRnqgxyz.mjs:3313:34)
    at async bundleConfigFile (file:///C:/Users/DELL/OneDrive/Desktop/Wish%20List%20Products%20Price%20Comparison%20Website%20Project%20Using%20ML/wishlist-price-comparison-java-ai/frontend/node_modules/vite/dist/node/chunks/node.js:34633:17)
    at async bundleAndLoadConfigFile (file:///C:/Users/DELL/OneDrive/Desktop/Wish%20List%20Products%20Price%20Comparison%20Website%20Project%20Using%20ML/wishlist-price-comparison-java-ai/frontend/node_modules/vite/dist/node/chunks/node.js:34541:18)
    at async loadConfigFromFile (file:///C:/Users/DELL/OneDrive/Desktop/Wish%20List%20Products%20Price%20Comparison%20Website%20Project%20Using%20ML/wishlist-price-comparison-java-ai/frontend/node_modules/vite/dist/node/chunks/node.js:34510:42)
    at async resolveConfig (file:///C:/Users/DELL/OneDrive/Desktop/Wish%20List%20Products%20Price%20Comparison%20Website%20Project%20Using%20ML/wishlist-price-comparison-java-ai/frontend/node_modules/vite/dist/node/chunks/node.js:34134:22)
    at async _createServer (file:///C:/Users/DELL/OneDrive/Desktop/Wish%20List%20Products%20Price%20Comparison%20Website%20Project%20Using%20ML/wishlist-price-comparison-java-ai/frontend/node_modules/vite/dist/node/chunks/node.js:26002:65)
    at async CAC.<anonymous> (file:///C:/Users/DELL/OneDrive/Desktop/Wish%20List%20Products%20Price%20Comparison%20Website%20Project%20Using%20ML/wishlist-price-comparison-java-ai/frontend/node_modules/vite/dist/node/cli.js:709:18) {
  errors: [Getter/Setter]
}[39m
